2022-12-24 19:28:02 UTC Bot started
2022-12-24 19:28:03 UTC     symbol  predicted_funding_rate  abs_predicted_funding_rate  1h_interest_rate    loanable  max_loanable  tradeable_usdt  initial_fixed_profit_loss  expected_usdt_profit is_signal is_long_spot
0  APEUSDT               -0.000666                    0.000666          0.000008  681.160397         119.0            28.5                  -0.000299             -0.017062     False        False
2022-12-24 19:28:03 UTC Position: {'id': '12371645-4209-47b3-bf5b-f9c1d2bfe9d7', 'open_time': datetime.datetime(2022, 12, 23, 23, 58, 2, 312610), 'symbol': 'MANAUSDT', 'total_usdt': 57.0, 'usdt_per_trade': 28.5, 'exchange': <exchange.Exchange object at 0x7f1e21085c00>, 'is_long_spot': False, 'entry_funding_rate': -0.00209207, 'status': <PositionStatus.PENDING: 'PENDING'>, 'funding_profit_loss': 0, 'profit_loss': 0, 's_exit_order': None, 'f_exit_order': None, 'closing_reason': None, 'fundings': [], 's_entry_order': <order.Order object at 0x7f1e21086770>, 'f_entry_order': <order.Order object at 0x7f1e210867a0>}
2022-12-24 19:28:03 UTC Bot stopped
2022-12-24 19:29:02 UTC Bot started
2022-12-24 19:29:03 UTC     symbol  predicted_funding_rate  abs_predicted_funding_rate  1h_interest_rate    loanable  max_loanable  tradeable_usdt  initial_fixed_profit_loss  expected_usdt_profit is_signal is_long_spot
0  APEUSDT               -0.000665                    0.000665          0.000008  681.160396         119.0            28.5                  -0.000299              -0.01707     False        False
2022-12-24 19:29:03 UTC Position: {'id': '12371645-4209-47b3-bf5b-f9c1d2bfe9d7', 'open_time': datetime.datetime(2022, 12, 23, 23, 58, 2, 312610), 'symbol': 'MANAUSDT', 'total_usdt': 57.0, 'usdt_per_trade': 28.5, 'exchange': <exchange.Exchange object at 0x7fca5258dc00>, 'is_long_spot': False, 'entry_funding_rate': -0.00209207, 'status': <PositionStatus.PENDING: 'PENDING'>, 'funding_profit_loss': 0, 'profit_loss': 0, 's_exit_order': None, 'f_exit_order': None, 'closing_reason': None, 'fundings': [], 's_entry_order': <order.Order object at 0x7fca5258e770>, 'f_entry_order': <order.Order object at 0x7fca5258e7a0>}
2022-12-24 19:29:03 UTC Bot stopped
2022-12-24 19:30:02 UTC Bot started
2022-12-24 19:30:03 UTC     symbol  predicted_funding_rate  abs_predicted_funding_rate  1h_interest_rate    loanable  max_loanable  tradeable_usdt  initial_fixed_profit_loss  expected_usdt_profit is_signal is_long_spot
0  APEUSDT               -0.000666                    0.000666          0.000008  680.791633         119.0            28.5                  -0.000299             -0.017041     False        False
2022-12-24 19:30:03 UTC Position: {'id': '12371645-4209-47b3-bf5b-f9c1d2bfe9d7', 'open_time': datetime.datetime(2022, 12, 23, 23, 58, 2, 312610), 'symbol': 'MANAUSDT', 'total_usdt': 57.0, 'usdt_per_trade': 28.5, 'exchange': <exchange.Exchange object at 0x7f3af9fb9c00>, 'is_long_spot': False, 'entry_funding_rate': -0.00209207, 'status': <PositionStatus.PENDING: 'PENDING'>, 'funding_profit_loss': 0, 'profit_loss': 0, 's_exit_order': None, 'f_exit_order': None, 'closing_reason': None, 'fundings': [], 's_entry_order': <order.Order object at 0x7f3af9fba770>, 'f_entry_order': <order.Order object at 0x7f3af9fba7a0>}
2022-12-24 19:30:03 UTC Bot stopped
2022-12-24 19:31:02 UTC Bot started
2022-12-24 19:31:03 UTC     symbol  predicted_funding_rate  abs_predicted_funding_rate  1h_interest_rate    loanable  max_loanable  tradeable_usdt  initial_fixed_profit_loss  expected_usdt_profit is_signal is_long_spot
0  APEUSDT               -0.000666                    0.000666          0.000008  680.941078         119.0            28.5                  -0.000299             -0.017049     False        False
2022-12-24 19:31:03 UTC Position: {'id': '12371645-4209-47b3-bf5b-f9c1d2bfe9d7', 'open_time': datetime.datetime(2022, 12, 23, 23, 58, 2, 312610), 'symbol': 'MANAUSDT', 'total_usdt': 57.0, 'usdt_per_trade': 28.5, 'exchange': <exchange.Exchange object at 0x7f6bb6885c00>, 'is_long_spot': False, 'entry_funding_rate': -0.00209207, 'status': <PositionStatus.PENDING: 'PENDING'>, 'funding_profit_loss': 0, 'profit_loss': 0, 's_exit_order': None, 'f_exit_order': None, 'closing_reason': None, 'fundings': [], 's_entry_order': <order.Order object at 0x7f6bb6886770>, 'f_entry_order': <order.Order object at 0x7f6bb68867a0>}
2022-12-24 19:31:03 UTC Bot stopped
