2022-12-24 16:21:02.104814 Bot started
2022-12-24 16:21:02.104814 Bot ended
https://github.com/WuJiUJ/bybit.git
Cmd('git') failed due to: exit code(128)
  cmdline: git push --porcelain origin
  stderr: 'fatal: could not read Username for 'https://github.com': No such device or address'
Some error occured while pushing the code
2022-12-24 16:22:02.479816 Bot started
2022-12-24 16:22:02.479816 Bot ended
https://github.com/WuJiUJ/bybit.git
Cmd('git') failed due to: exit code(128)
  cmdline: git push --porcelain origin
  stderr: 'fatal: could not read Username for 'https://github.com': No such device or address'
Some error occured while pushing the code
2022-12-24 16:23:01.694055 Bot started
2022-12-24 16:23:01.694055 Bot ended
https://github.com/WuJiUJ/bybit.git
Cmd('git') failed due to: exit code(128)
  cmdline: git push --porcelain origin
  stderr: 'fatal: could not read Username for 'https://github.com': No such device or address'
Some error occured while pushing the code
